2024-08-16 22:37:17,314 INFO record.txt file loaded
2024-08-16 22:37:29,330 INFO Loading profile https://www.linkedin.com/in/trayansh-agarwal/
2024-08-16 22:37:36,954 INFO Profile Loaded https://www.linkedin.com/in/trayansh-agarwal/
2024-08-16 22:38:01,020 INFO record.txt file loaded
2024-08-16 22:38:34,204 INFO Loading profile https://www.linkedin.com/in/trayansh-agarwal/
2024-08-16 22:38:39,294 INFO Profile Loaded https://www.linkedin.com/in/trayansh-agarwal/
2024-08-16 22:40:06,702 INFO record.txt file loaded
2024-08-16 22:40:19,942 INFO Loading profile https://www.linkedin.com/in/trayansh-agarwal/
2024-08-16 22:40:25,567 INFO Profile Loaded Trayansh Agarwal || https://www.linkedin.com/in/trayansh-agarwal/
2024-08-16 22:42:39,288 INFO record.txt file loaded
2024-08-16 22:42:58,353 INFO Loading profile https://www.linkedin.com/in/trayansh-agarwal/
2024-08-16 22:43:03,445 INFO Profile Loaded Trayansh Agarwal || https://www.linkedin.com/in/trayansh-agarwal/
2024-08-16 22:43:03,543 INFO Connection request has send to Trayansh Agarwal || https://www.linkedin.com/in/trayansh-agarwal/
2024-08-16 22:53:44,135 INFO record.txt file loaded
2024-08-16 22:54:02,653 INFO Loading profile https://www.linkedin.com/in/trayansh-agarwal/
2024-08-16 22:54:07,944 INFO Profile Loaded Trayansh Agarwal || https://www.linkedin.com/in/trayansh-agarwal/
2024-08-16 22:54:08,235 INFO Connection request has send to Trayansh Agarwal || https://www.linkedin.com/in/trayansh-agarwal/
2024-08-16 22:54:36,508 INFO Loading profile https://www.linkedin.com/in/sumanta-ghosh-9032ab1b3/
2024-08-16 22:54:42,375 INFO Profile Loaded Sumanta Ghosh || https://www.linkedin.com/in/sumanta-ghosh-9032ab1b3/
2024-08-16 22:54:42,502 INFO Connection request has send to Sumanta Ghosh || https://www.linkedin.com/in/sumanta-ghosh-9032ab1b3/
2024-08-16 22:54:58,570 INFO record.txt file loaded
2024-08-16 22:55:15,218 INFO Loading profile https://www.linkedin.com/in/trayansh-agarwal/
2024-08-16 22:55:20,277 INFO Profile Loaded Trayansh Agarwal || https://www.linkedin.com/in/trayansh-agarwal/
2024-08-16 22:55:20,570 INFO Connection request has send to Trayansh Agarwal || https://www.linkedin.com/in/trayansh-agarwal/
2024-08-16 22:55:44,249 INFO record.txt file loaded
2024-08-16 22:56:17,987 INFO Loading profile https://www.linkedin.com/in/trayansh-agarwal/
2024-08-16 22:56:23,043 INFO Profile Loaded Trayansh Agarwal || https://www.linkedin.com/in/trayansh-agarwal/
2024-08-16 22:56:23,121 INFO Connection request has send to Trayansh Agarwal || https://www.linkedin.com/in/trayansh-agarwal/
2024-08-16 22:56:57,880 INFO record.txt file loaded
2024-08-16 22:57:18,834 INFO Loading profile https://www.linkedin.com/in/trayansh-agarwal/
2024-08-16 22:57:24,797 INFO Profile Loaded Trayansh Agarwal || https://www.linkedin.com/in/trayansh-agarwal/
2024-08-16 22:57:25,059 INFO Connection request has send to Trayansh Agarwal || https://www.linkedin.com/in/trayansh-agarwal/
2024-08-16 22:57:41,128 INFO record.txt file loaded
2024-08-16 22:57:52,827 INFO Loading profile https://www.linkedin.com/in/trayansh-agarwal/
2024-08-16 22:57:57,976 INFO Profile Loaded Trayansh Agarwal || https://www.linkedin.com/in/trayansh-agarwal/
2024-08-16 22:57:58,112 INFO Connection request has send to Trayansh Agarwal || https://www.linkedin.com/in/trayansh-agarwal/
2024-08-16 22:58:33,085 INFO record.txt file loaded
2024-08-16 22:58:56,640 INFO Loading profile https://www.linkedin.com/in/trayansh-agarwal/
2024-08-16 22:59:02,161 INFO Profile Loaded Trayansh Agarwal || https://www.linkedin.com/in/trayansh-agarwal/
2024-08-16 22:59:02,241 INFO Connection request has send to Trayansh Agarwal || https://www.linkedin.com/in/trayansh-agarwal/
2024-08-16 22:59:53,184 INFO Loading profile https://www.linkedin.com/in/trayansh-agarwal/
2024-08-16 23:00:00,292 INFO Profile Loaded Trayansh Agarwal || https://www.linkedin.com/in/trayansh-agarwal/
2024-08-16 23:00:00,561 INFO Connection request has send to Trayansh Agarwal || https://www.linkedin.com/in/trayansh-agarwal/
2024-08-16 23:00:57,662 INFO Loading profile https://www.linkedin.com/in/sumanta-ghosh-9032ab1b3/
2024-08-16 23:01:02,804 INFO Profile Loaded Sumanta Ghosh || https://www.linkedin.com/in/sumanta-ghosh-9032ab1b3/
2024-08-16 23:01:02,987 INFO Connection request has send to Sumanta Ghosh || https://www.linkedin.com/in/sumanta-ghosh-9032ab1b3/
2024-08-16 23:01:50,796 INFO Loading profile https://www.linkedin.com/in/sumanta-ghosh-9032ab1b3/
2024-08-16 23:01:55,971 INFO Profile Loaded Sumanta Ghosh || https://www.linkedin.com/in/sumanta-ghosh-9032ab1b3/
2024-08-16 23:01:56,121 INFO Connection request has send to Sumanta Ghosh || https://www.linkedin.com/in/sumanta-ghosh-9032ab1b3/
2024-08-16 23:02:50,431 INFO Loading profile https://www.linkedin.com/in/sumanta-ghosh-9032ab1b3/
2024-08-16 23:02:55,468 INFO Profile Loaded Sumanta Ghosh || https://www.linkedin.com/in/sumanta-ghosh-9032ab1b3/
2024-08-16 23:02:55,539 INFO Connection request has send to Sumanta Ghosh || https://www.linkedin.com/in/sumanta-ghosh-9032ab1b3/
2024-08-16 23:03:37,444 INFO Loading profile https://www.linkedin.com/in/sumanta-ghosh-9032ab1b3/
2024-08-16 23:03:44,575 INFO Profile Loaded Sumanta Ghosh || https://www.linkedin.com/in/sumanta-ghosh-9032ab1b3/
2024-08-16 23:03:44,648 INFO Connection request has send to Sumanta Ghosh || https://www.linkedin.com/in/sumanta-ghosh-9032ab1b3/
2024-08-16 23:04:33,674 INFO Loading profile https://www.linkedin.com/in/sumanta-ghosh-9032ab1b3/
2024-08-16 23:04:39,419 INFO Profile Loaded Sumanta Ghosh || https://www.linkedin.com/in/sumanta-ghosh-9032ab1b3/
2024-08-16 23:04:39,610 INFO Connection request has send to Sumanta Ghosh || https://www.linkedin.com/in/sumanta-ghosh-9032ab1b3/
2024-08-16 23:05:30,370 INFO record.txt file loaded
2024-08-16 23:05:49,662 INFO record.txt file loaded
2024-08-16 23:08:16,142 INFO record.txt file loaded
2024-08-16 23:08:35,076 INFO record.txt file loaded
2024-08-16 23:08:50,469 INFO record.txt file loaded
2024-08-16 23:10:11,541 INFO record.txt file loaded
2024-08-16 23:10:31,565 INFO record.txt file loaded
2024-08-16 23:12:07,569 INFO record.txt file loaded
2024-08-16 23:12:50,303 INFO record.txt file loaded
2024-08-16 23:13:26,543 INFO record.txt file loaded
2024-08-16 23:13:54,704 INFO record.txt file loaded
2024-08-16 23:14:15,667 INFO record.txt file loaded
2024-08-16 23:16:11,304 INFO record.txt file loaded
2024-08-16 23:16:19,569 INFO record.txt file loaded
2024-08-16 23:16:47,019 INFO record.txt file loaded
2024-08-16 23:17:09,738 INFO record.txt file loaded
2024-08-16 23:17:37,012 INFO record.txt file loaded
2024-08-16 23:17:53,722 INFO record.txt file loaded
2024-08-16 23:18:05,390 INFO record.txt file loaded
2024-08-16 23:18:27,908 INFO record.txt file loaded
2024-08-16 23:19:05,430 INFO record.txt file loaded
2024-08-16 23:19:59,900 INFO record.txt file loaded
2024-08-16 23:20:35,811 INFO record.txt file loaded
2024-08-16 23:21:06,932 INFO record.txt file loaded
2024-08-16 23:21:20,888 INFO record.txt file loaded
2024-08-16 23:21:30,713 INFO Loading profile https://www.linkedin.com/in/rahul-tiwari-321235164/
2024-08-16 23:21:36,058 INFO Profile Loaded Rahul Tiwari || https://www.linkedin.com/in/rahul-tiwari-321235164/
2024-08-16 23:21:46,569 INFO Connection request has send to Rahul Tiwari || https://www.linkedin.com/in/rahul-tiwari-321235164/
2024-08-16 23:44:32,031 [remove.py] INFO record.txt file loaded
2024-08-16 23:48:18,330 [remove.py] INFO record.txt file loaded
2024-08-16 23:49:05,236 [remove.py] INFO record.txt file loaded
2024-08-16 23:51:36,296 [remove.py] INFO record.txt file loaded
2024-08-16 23:51:50,453 [remove.py] INFO Loading profile https://www.linkedin.com/in/aakanksha-singhal-268824281/
2024-08-16 23:53:00,520 [remove.py] INFO Failed profile https://www.linkedin.com/in/aakanksha-singhal-268824281/ auth required
2024-08-17 00:24:37,513 [remove.py] INFO Connected
2024-08-17 00:24:40,159 [remove.py] INFO record.txt file loaded
2024-08-17 00:24:56,383 [remove.py] INFO Loading profile https://www.linkedin.com/in/aakanksha-singhal-268824281/
2024-08-17 00:26:06,400 [remove.py] INFO Failed profile https://www.linkedin.com/in/aakanksha-singhal-268824281/ auth required
